[debug] [2022-08-30T00:14:43.920Z] ----------------------------------------------------------------------
[debug] [2022-08-30T00:14:43.921Z] Command:       C:\Program Files\nodejs\node.exe C:\Users\Steve\AppData\Roaming\npm\node_modules\firebase-tools\lib\bin\firebase.js init
[debug] [2022-08-30T00:14:43.922Z] CLI Version:   11.8.0
[debug] [2022-08-30T00:14:43.922Z] Platform:      win32
[debug] [2022-08-30T00:14:43.922Z] Node Version:  v17.4.0
[debug] [2022-08-30T00:14:43.923Z] Time:          Mon Aug 29 2022 20:14:43 GMT-0400 (Eastern Daylight Time)
[debug] [2022-08-30T00:14:43.923Z] ----------------------------------------------------------------------
[debug] 
[debug] [2022-08-30T00:14:43.928Z] > command requires scopes: ["email","openid","https://www.googleapis.com/auth/cloudplatformprojects.readonly","https://www.googleapis.com/auth/firebase","https://www.googleapis.com/auth/cloud-platform"]
[debug] [2022-08-30T00:14:43.929Z] > authorizing via signed-in user (stevehunal@gmail.com)
[info] 
     ######## #### ########  ######## ########     ###     ######  ########
     ##        ##  ##     ## ##       ##     ##  ##   ##  ##       ##
     ######    ##  ########  ######   ########  #########  ######  ######
     ##        ##  ##    ##  ##       ##     ## ##     ##       ## ##
     ##       #### ##     ## ######## ########  ##     ##  ######  ########

You're about to initialize a Firebase project in this directory:

  C:\Users\Steve\OneDrive\Desktop\Projects\steves-portfolio

[info] 
=== Project Setup
[info] 
[info] First, let's associate this project directory with a Firebase project.
[info] You can create multiple project aliases by running firebase use --add, 
[info] but for now we'll just set up a default project.
[info] 
[debug] [2022-08-30T00:15:08.580Z] >>> [apiv2][query] GET https://firebase.googleapis.com/v1beta1/projects pageSize=100
[debug] [2022-08-30T00:15:08.995Z] <<< [apiv2][status] GET https://firebase.googleapis.com/v1beta1/projects 200
[debug] [2022-08-30T00:15:08.995Z] <<< [apiv2][body] GET https://firebase.googleapis.com/v1beta1/projects [omitted]
[info] i  Using project steves-portfolio-eb078 (steves portfolio) 
[info] 
=== Hosting Setup
[info] 
[info] Your public directory is the folder (relative to your project directory) that
[info] will contain Hosting assets to be uploaded with firebase deploy. If you
[info] have a build process for your assets, use your build's output directory.
[info] 
